[ 2016-04-16T13:49:26+08:00 ] 127.0.0.1 /tpoa/index.php/Home/Index/index.html
INFO: [ app_init ] --START--
INFO: Run Behavior\BuildLiteBehavior [ RunTime:0.000079s ]
INFO: [ app_init ] --END-- [ RunTime:0.001319s ]

[ 2016-04-16T13:49:26+08:00 ] 127.0.0.1 /tpoa/index.php/Home/Index/top
INFO: [ app_init ] --START--
INFO: Run Behavior\BuildLiteBehavior [ RunTime:0.000056s ]
INFO: [ app_init ] --END-- [ RunTime:0.000751s ]

[ 2016-04-16T13:49:26+08:00 ] 127.0.0.1 /tpoa/index.php/Home/Index/right
INFO: [ app_init ] --START--
INFO: Run Behavior\BuildLiteBehavior [ RunTime:0.000059s ]
INFO: [ app_init ] --END-- [ RunTime:0.000714s ]

[ 2016-04-16T13:49:26+08:00 ] 127.0.0.1 /tpoa/index.php/Home/Index/UntitledFrame-1
INFO: [ app_init ] --START--
INFO: Run Behavior\BuildLiteBehavior [ RunTime:0.000061s ]
INFO: [ app_init ] --END-- [ RunTime:0.001011s ]
ERR: 非法操作:UntitledFrame-1

[ 2016-04-16T13:49:26+08:00 ] 127.0.0.1 /tpoa/index.php/Home/Index/left
INFO: [ app_init ] --START--
INFO: Run Behavior\BuildLiteBehavior [ RunTime:0.000059s ]
INFO: [ app_init ] --END-- [ RunTime:0.004639s ]

[ 2016-04-16T13:49:28+08:00 ] 127.0.0.1 /tpoa/index.php/Home/Info/add.html
INFO: [ app_init ] --START--
INFO: Run Behavior\BuildLiteBehavior [ RunTime:0.000049s ]
INFO: [ app_init ] --END-- [ RunTime:0.000647s ]

[ 2016-04-16T13:49:36+08:00 ] 127.0.0.1 /tpoa/index.php/Home/Info/Public/ckfinder/ckfinder.html?Type=Images&CKEditor=content&CKEditorFuncNum=1&langCode=zh-cn
INFO: [ app_init ] --START--
INFO: Run Behavior\BuildLiteBehavior [ RunTime:0.000068s ]
INFO: [ app_init ] --END-- [ RunTime:0.001608s ]
ERR: 非法操作:Public

[ 2016-04-16T13:50:34+08:00 ] 127.0.0.1 /tpoa/index.php/Home/Index/index.html
INFO: [ app_init ] --START--
INFO: Run Behavior\BuildLiteBehavior [ RunTime:0.000065s ]
INFO: [ app_init ] --END-- [ RunTime:0.000637s ]

[ 2016-04-16T13:50:34+08:00 ] 127.0.0.1 /tpoa/index.php/Home/Index/top
INFO: [ app_init ] --START--
INFO: Run Behavior\BuildLiteBehavior [ RunTime:0.000058s ]
INFO: [ app_init ] --END-- [ RunTime:0.000744s ]

[ 2016-04-16T13:50:34+08:00 ] 127.0.0.1 /tpoa/index.php/Home/Index/left
INFO: [ app_init ] --START--
INFO: Run Behavior\BuildLiteBehavior [ RunTime:0.000057s ]
INFO: [ app_init ] --END-- [ RunTime:0.000744s ]

[ 2016-04-16T13:50:34+08:00 ] 127.0.0.1 /tpoa/index.php/Home/Index/right
INFO: [ app_init ] --START--
INFO: Run Behavior\BuildLiteBehavior [ RunTime:0.000059s ]
INFO: [ app_init ] --END-- [ RunTime:0.000858s ]

[ 2016-04-16T13:50:34+08:00 ] 127.0.0.1 /tpoa/index.php/Home/Index/UntitledFrame-1
INFO: [ app_init ] --START--
INFO: Run Behavior\BuildLiteBehavior [ RunTime:0.000066s ]
INFO: [ app_init ] --END-- [ RunTime:0.000831s ]
ERR: 非法操作:UntitledFrame-1

[ 2016-04-16T13:50:35+08:00 ] 127.0.0.1 /tpoa/index.php/Home/Info/add.html
INFO: [ app_init ] --START--
INFO: Run Behavior\BuildLiteBehavior [ RunTime:0.000034s ]
INFO: [ app_init ] --END-- [ RunTime:0.000556s ]

[ 2016-04-16T13:50:45+08:00 ] 127.0.0.1 /tpoa/index.php/Home/Info/Public/ckfinder/ckfinder.html?Type=Images&CKEditor=content&CKEditorFuncNum=1&langCode=zh-cn
INFO: [ app_init ] --START--
INFO: Run Behavior\BuildLiteBehavior [ RunTime:0.000186s ]
INFO: [ app_init ] --END-- [ RunTime:0.002051s ]
ERR: 非法操作:Public

[ 2016-04-16T13:51:12+08:00 ] 127.0.0.1 /tpoa/index.php/Home/Index/index.html
INFO: [ app_init ] --START--
INFO: Run Behavior\BuildLiteBehavior [ RunTime:0.000032s ]
INFO: [ app_init ] --END-- [ RunTime:0.000493s ]

[ 2016-04-16T13:51:12+08:00 ] 127.0.0.1 /tpoa/index.php/Home/Index/top
INFO: [ app_init ] --START--
INFO: Run Behavior\BuildLiteBehavior [ RunTime:0.000055s ]
INFO: [ app_init ] --END-- [ RunTime:0.000778s ]

[ 2016-04-16T13:51:12+08:00 ] 127.0.0.1 /tpoa/index.php/Home/Index/right
INFO: [ app_init ] --START--
INFO: Run Behavior\BuildLiteBehavior [ RunTime:0.000059s ]
INFO: [ app_init ] --END-- [ RunTime:0.000797s ]

[ 2016-04-16T13:51:12+08:00 ] 127.0.0.1 /tpoa/index.php/Home/Index/UntitledFrame-1
INFO: [ app_init ] --START--
INFO: Run Behavior\BuildLiteBehavior [ RunTime:0.000072s ]
INFO: [ app_init ] --END-- [ RunTime:0.000987s ]
ERR: 非法操作:UntitledFrame-1

[ 2016-04-16T13:51:12+08:00 ] 127.0.0.1 /tpoa/index.php/Home/Index/left
INFO: [ app_init ] --START--
INFO: Run Behavior\BuildLiteBehavior [ RunTime:0.000059s ]
INFO: [ app_init ] --END-- [ RunTime:0.000822s ]

[ 2016-04-16T13:51:13+08:00 ] 127.0.0.1 /tpoa/index.php/Home/Info/add.html
INFO: [ app_init ] --START--
INFO: Run Behavior\BuildLiteBehavior [ RunTime:0.000036s ]
INFO: [ app_init ] --END-- [ RunTime:0.000529s ]

[ 2016-04-16T13:51:22+08:00 ] 127.0.0.1 /tpoa/index.php/Home/Info/Public/ckfinder/ckfinder.html?Type=Images&CKEditor=content&CKEditorFuncNum=1&langCode=zh-cn
INFO: [ app_init ] --START--
INFO: Run Behavior\BuildLiteBehavior [ RunTime:0.000060s ]
INFO: [ app_init ] --END-- [ RunTime:0.000945s ]
ERR: 非法操作:Public

