[ 2016-04-19T12:23:41+08:00 ] 127.0.0.1 /tpoa/
INFO: [ app_init ] --START--
INFO: Run Behavior\BuildLiteBehavior [ RunTime:0.000037s ]
INFO: [ app_init ] --END-- [ RunTime:0.007107s ]

[ 2016-04-19T12:23:41+08:00 ] 127.0.0.1 /tpoa/index.php/Home/Public/verify
INFO: [ app_init ] --START--
INFO: Run Behavior\BuildLiteBehavior [ RunTime:0.000057s ]
INFO: [ app_init ] --END-- [ RunTime:0.000857s ]

[ 2016-04-19T12:23:53+08:00 ] 127.0.0.1 /tpoa/index.php/Home/Public/checkLogin
INFO: [ app_init ] --START--
INFO: Run Behavior\BuildLiteBehavior [ RunTime:0.000034s ]
INFO: [ app_init ] --END-- [ RunTime:0.000562s ]

[ 2016-04-19T12:23:53+08:00 ] 127.0.0.1 /tpoa/index.php/Home/Index/index.html
INFO: [ app_init ] --START--
INFO: Run Behavior\BuildLiteBehavior [ RunTime:0.000038s ]
INFO: [ app_init ] --END-- [ RunTime:0.000850s ]

[ 2016-04-19T12:23:53+08:00 ] 127.0.0.1 /tpoa/index.php/Home/Public/checkLogin
INFO: [ app_init ] --START--
INFO: Run Behavior\BuildLiteBehavior [ RunTime:0.000062s ]
INFO: [ app_init ] --END-- [ RunTime:0.000963s ]

[ 2016-04-19T12:23:56+08:00 ] 127.0.0.1 /tpoa/index.php/Home/Public/login
INFO: [ app_init ] --START--
INFO: Run Behavior\BuildLiteBehavior [ RunTime:0.000073s ]
INFO: [ app_init ] --END-- [ RunTime:0.001433s ]

[ 2016-04-19T12:23:56+08:00 ] 127.0.0.1 /tpoa/index.php/Home/Public/verify
INFO: [ app_init ] --START--
INFO: Run Behavior\BuildLiteBehavior [ RunTime:0.000032s ]
INFO: [ app_init ] --END-- [ RunTime:0.000648s ]

[ 2016-04-19T12:23:59+08:00 ] 127.0.0.1 /tpoa/index.php/Home/Public/verify/_/1461039838967
INFO: [ app_init ] --START--
INFO: Run Behavior\BuildLiteBehavior [ RunTime:0.000034s ]
INFO: [ app_init ] --END-- [ RunTime:0.000543s ]

[ 2016-04-19T12:23:59+08:00 ] 127.0.0.1 /tpoa/index.php/Home/Public/verify/_/1461039839877
INFO: [ app_init ] --START--
INFO: Run Behavior\BuildLiteBehavior [ RunTime:0.000035s ]
INFO: [ app_init ] --END-- [ RunTime:0.000612s ]

[ 2016-04-19T12:24:19+08:00 ] 127.0.0.1 /tpoa/index.php/Home/Public/checkLogin
INFO: [ app_init ] --START--
INFO: Run Behavior\BuildLiteBehavior [ RunTime:0.000037s ]
INFO: [ app_init ] --END-- [ RunTime:0.000588s ]

[ 2016-04-19T12:24:19+08:00 ] 127.0.0.1 /tpoa/index.php/Home/Index/index.html
INFO: [ app_init ] --START--
INFO: Run Behavior\BuildLiteBehavior [ RunTime:0.000103s ]
INFO: [ app_init ] --END-- [ RunTime:0.001631s ]

[ 2016-04-19T12:24:19+08:00 ] 127.0.0.1 /tpoa/index.php/Home/Index/top
INFO: [ app_init ] --START--
INFO: Run Behavior\BuildLiteBehavior [ RunTime:0.000053s ]
INFO: [ app_init ] --END-- [ RunTime:0.000810s ]

[ 2016-04-19T12:24:19+08:00 ] 127.0.0.1 /tpoa/index.php/Home/Index/left
INFO: [ app_init ] --START--
INFO: Run Behavior\BuildLiteBehavior [ RunTime:0.000055s ]
INFO: [ app_init ] --END-- [ RunTime:0.000775s ]

[ 2016-04-19T12:24:19+08:00 ] 127.0.0.1 /tpoa/index.php/Home/Index/right
INFO: [ app_init ] --START--
INFO: Run Behavior\BuildLiteBehavior [ RunTime:0.000082s ]
INFO: [ app_init ] --END-- [ RunTime:0.000991s ]

[ 2016-04-19T12:24:19+08:00 ] 127.0.0.1 /tpoa/index.php/Home/Index/UntitledFrame-1
INFO: [ app_init ] --START--
INFO: Run Behavior\BuildLiteBehavior [ RunTime:0.000033s ]
INFO: [ app_init ] --END-- [ RunTime:0.000743s ]
ERR: 非法操作:UntitledFrame-1

[ 2016-04-19T12:24:21+08:00 ] 127.0.0.1 /tpoa/index.php/Home/Info/index.html
INFO: [ app_init ] --START--
INFO: Run Behavior\BuildLiteBehavior [ RunTime:0.000037s ]
INFO: [ app_init ] --END-- [ RunTime:0.000527s ]

[ 2016-04-19T12:24:25+08:00 ] 127.0.0.1 /tpoa/index.php/Home/Info/download/id/1
INFO: [ app_init ] --START--
INFO: Run Behavior\BuildLiteBehavior [ RunTime:0.000034s ]
INFO: [ app_init ] --END-- [ RunTime:0.000570s ]

